Using pre-set license
Built from '2020.3/staging' branch; Version is '2020.3.28f1 (f5400f52e03f) revision 16072719'; Using compiler version '192528614'; Build Type 'Release'
OS: 'Windows 10  (10.0.19044) 64bit Professional' Language: 'en' Physical Memory: 8112 MB
BatchMode: 1, IsHumanControllingUs: 0, StartBugReporterOnCrash: 0, Is64bit: 1, IsPro: 0

COMMAND LINE ARGUMENTS:
C:\Program Files\Unity\Hub\Editor\2020.3.28f1\Editor\Unity.exe
-adb2
-batchMode
-noUpm
-name
AssetImportWorker0
-projectPath
D:/GameProjects/Unity/MBKMCapstone_Renewal/GameCapstoneMBKM/CapstoneProject
-logFile
Logs/AssetImportWorker0.log
-srvPort
63105
Successfully changed project path to: D:/GameProjects/Unity/MBKMCapstone_Renewal/GameCapstoneMBKM/CapstoneProject
D:/GameProjects/Unity/MBKMCapstone_Renewal/GameCapstoneMBKM/CapstoneProject
Using Asset Import Pipeline V2.
Refreshing native plugins compatible for Editor in 148.53 ms, found 3 plugins.
Preloading 0 native plugins for Editor in 0.00 ms.
Initialize engine version: 2020.3.28f1 (f5400f52e03f)
[Subsystems] Discovering subsystems at path C:/Program Files/Unity/Hub/Editor/2020.3.28f1/Editor/Data/Resources/UnitySubsystems
[Subsystems] Discovering subsystems at path D:/GameProjects/Unity/MBKMCapstone_Renewal/GameCapstoneMBKM/CapstoneProject/Assets
GfxDevice: creating device client; threaded=0
Direct3D:
    Version:  Direct3D 11.0 [level 11.1]
    Renderer: AMD Radeon HD 8500M (ID=0x666f)
    Vendor:   
    VRAM:     2039 MB
    Driver:   27.20.20903.8001
Initialize mono
Mono path[0] = 'C:/Program Files/Unity/Hub/Editor/2020.3.28f1/Editor/Data/Managed'
Mono path[1] = 'C:/Program Files/Unity/Hub/Editor/2020.3.28f1/Editor/Data/MonoBleedingEdge/lib/mono/unityjit'
Mono config path = 'C:/Program Files/Unity/Hub/Editor/2020.3.28f1/Editor/Data/MonoBleedingEdge/etc'
Using monoOptions --debugger-agent=transport=dt_socket,embedding=1,server=y,suspend=n,address=127.0.0.1:56688
Begin MonoManager ReloadAssembly
Registering precompiled unity dll's ...
Register platform support module: C:/Program Files/Unity/Hub/Editor/2020.3.28f1/Editor/Data/PlaybackEngines/WebGLSupport/UnityEditor.WebGL.Extensions.dll
Register platform support module: C:/Program Files/Unity/Hub/Editor/2020.3.28f1/Editor/Data/PlaybackEngines/WindowsStandaloneSupport/UnityEditor.WindowsStandalone.Extensions.dll
Registered in 0.007959 seconds.
Native extension for WindowsStandalone target not found
Native extension for WebGL target not found
Refreshing native plugins compatible for Editor in 73.64 ms, found 3 plugins.
Preloading 0 native plugins for Editor in 0.00 ms.
Mono: successfully reloaded assembly
- Completed reload, in  1.169 seconds
Domain Reload Profiling:
	ReloadAssembly (1169ms)
		BeginReloadAssembly (144ms)
			ExecutionOrderSort (0ms)
			DisableScriptedObjects (0ms)
			BackupInstance (0ms)
			ReleaseScriptingObjects (0ms)
			CreateAndSetChildDomain (1ms)
		EndReloadAssembly (902ms)
			LoadAssemblies (139ms)
			RebuildTransferFunctionScriptingTraits (0ms)
			SetupTypeCache (400ms)
			ReleaseScriptCaches (0ms)
			RebuildScriptCaches (49ms)
			SetupLoadedEditorAssemblies (270ms)
				LogAssemblyErrors (0ms)
				InitializePlatformSupportModulesInManaged (7ms)
				SetLoadedEditorAssemblies (1ms)
				RefreshPlugins (74ms)
				BeforeProcessingInitializeOnLoad (12ms)
				ProcessInitializeOnLoadAttributes (139ms)
				ProcessInitializeOnLoadMethodAttributes (37ms)
				AfterProcessingInitializeOnLoad (0ms)
				EditorAssembliesLoaded (0ms)
			ExecutionOrderSort2 (0ms)
			AwakeInstancesAfterBackupRestoration (0ms)
Platform modules already initialized, skipping
Registering precompiled user dll's ...
Registered in 0.006746 seconds.
Begin MonoManager ReloadAssembly
Symbol file data-00000243250AC010 doesn't match image D:\GameProjects\Unity\MBKMCapstone_Renewal\GameCapstoneMBKM\CapstoneProject\Library\ScriptAssemblies\Unity.2D.Animation.Editor.dll
Symbol file LoadedFromMemory is not a mono symbol file
Symbol file data-00000244FFEBEC60 doesn't match image D:\GameProjects\Unity\MBKMCapstone_Renewal\GameCapstoneMBKM\CapstoneProject\Library\ScriptAssemblies\Unity.InternalAPIEngineBridge.001.dll
Symbol file LoadedFromMemory is not a mono symbol file
Symbol file data-0000024324549610 doesn't match image D:\GameProjects\Unity\MBKMCapstone_Renewal\GameCapstoneMBKM\CapstoneProject\Library\ScriptAssemblies\Unity.VSCode.Editor.dll
Symbol file LoadedFromMemory is not a mono symbol file
Symbol file data-00000243263BA3B0 doesn't match image D:\GameProjects\Unity\MBKMCapstone_Renewal\GameCapstoneMBKM\CapstoneProject\Library\ScriptAssemblies\Unity.2D.PixelPerfect.dll
Symbol file LoadedFromMemory is not a mono symbol file
Symbol file data-000002432600C320 doesn't match image D:\GameProjects\Unity\MBKMCapstone_Renewal\GameCapstoneMBKM\CapstoneProject\Library\ScriptAssemblies\Unity.2D.Tilemap.Editor.dll
Symbol file LoadedFromMemory is not a mono symbol file
Symbol file data-00000243250E3E30 doesn't match image D:\GameProjects\Unity\MBKMCapstone_Renewal\GameCapstoneMBKM\CapstoneProject\Library\ScriptAssemblies\PsdPlugin.dll
Symbol file LoadedFromMemory is not a mono symbol file
Symbol file data-0000024325267030 doesn't match image D:\GameProjects\Unity\MBKMCapstone_Renewal\GameCapstoneMBKM\CapstoneProject\Library\ScriptAssemblies\Unity.TextMeshPro.Editor.dll
Symbol file LoadedFromMemory is not a mono symbol file
Symbol file data-00000243250E3E30 doesn't match image D:\GameProjects\Unity\MBKMCapstone_Renewal\GameCapstoneMBKM\CapstoneProject\Library\ScriptAssemblies\Unity.VisualStudio.Editor.dll
Symbol file LoadedFromMemory is not a mono symbol file
Symbol file data-0000024324E62220 doesn't match image D:\GameProjects\Unity\MBKMCapstone_Renewal\GameCapstoneMBKM\CapstoneProject\Library\ScriptAssemblies\UnityEngine.TestRunner.dll
Symbol file LoadedFromMemory is not a mono symbol file
Symbol file data-000002432527C240 doesn't match image D:\GameProjects\Unity\MBKMCapstone_Renewal\GameCapstoneMBKM\CapstoneProject\Library\ScriptAssemblies\Unity.Timeline.dll
Symbol file LoadedFromMemory is not a mono symbol file
Symbol file data-0000024325100010 doesn't match image D:\GameProjects\Unity\MBKMCapstone_Renewal\GameCapstoneMBKM\CapstoneProject\Library\ScriptAssemblies\Unity.TextMeshPro.dll
Symbol file LoadedFromMemory is not a mono symbol file
Symbol file data-000002432512E220 doesn't match image D:\GameProjects\Unity\MBKMCapstone_Renewal\GameCapstoneMBKM\CapstoneProject\Library\ScriptAssemblies\UnityEditor.TestRunner.dll
Symbol file LoadedFromMemory is not a mono symbol file
Symbol file data-00000243250EB440 doesn't match image D:\GameProjects\Unity\MBKMCapstone_Renewal\GameCapstoneMBKM\CapstoneProject\Library\ScriptAssemblies\Unity.2D.IK.Editor.dll
Symbol file LoadedFromMemory is not a mono symbol file
Symbol file data-000002432600C320 doesn't match image D:\GameProjects\Unity\MBKMCapstone_Renewal\GameCapstoneMBKM\CapstoneProject\Library\ScriptAssemblies\Unity.2D.Sprite.Editor.dll
Symbol file LoadedFromMemory is not a mono symbol file
Symbol file data-00000243260EDC20 doesn't match image D:\GameProjects\Unity\MBKMCapstone_Renewal\GameCapstoneMBKM\CapstoneProject\Library\ScriptAssemblies\Unity.2D.Psdimporter.Editor.dll
Symbol file LoadedFromMemory is not a mono symbol file
Symbol file data-000002432527C240 doesn't match image D:\GameProjects\Unity\MBKMCapstone_Renewal\GameCapstoneMBKM\CapstoneProject\Library\ScriptAssemblies\Unity.2D.Path.Editor.dll
Symbol file LoadedFromMemory is not a mono symbol file
Symbol file data-00000243251D74B0 doesn't match image D:\GameProjects\Unity\MBKMCapstone_Renewal\GameCapstoneMBKM\CapstoneProject\Library\ScriptAssemblies\Unity.InternalAPIEditorBridge.001.dll
Symbol file LoadedFromMemory is not a mono symbol file
Symbol file data-00000243260EDC20 doesn't match image D:\GameProjects\Unity\MBKMCapstone_Renewal\GameCapstoneMBKM\CapstoneProject\Library\ScriptAssemblies\UnityEditor.UI.dll
Symbol file LoadedFromMemory is not a mono symbol file
Symbol file data-00000243264BD010 doesn't match image D:\GameProjects\Unity\MBKMCapstone_Renewal\GameCapstoneMBKM\CapstoneProject\Library\ScriptAssemblies\Unity.PlasticSCM.Editor.dll
Symbol file LoadedFromMemory is not a mono symbol file
Symbol file data-0000024325367030 doesn't match image D:\GameProjects\Unity\MBKMCapstone_Renewal\GameCapstoneMBKM\CapstoneProject\Library\ScriptAssemblies\Unity.Rider.Editor.dll
Symbol file LoadedFromMemory is not a mono symbol file
Symbol file data-00000243244473D0 doesn't match image D:\GameProjects\Unity\MBKMCapstone_Renewal\GameCapstoneMBKM\CapstoneProject\Library\ScriptAssemblies\UnityEngine.UI.dll
Symbol file LoadedFromMemory is not a mono symbol file
Symbol file data-0000024324DCA020 doesn't match image D:\GameProjects\Unity\MBKMCapstone_Renewal\GameCapstoneMBKM\CapstoneProject\Library\ScriptAssemblies\Unity.Mathematics.dll
Symbol file LoadedFromMemory is not a mono symbol file
Symbol file data-00000243250EB440 doesn't match image D:\GameProjects\Unity\MBKMCapstone_Renewal\GameCapstoneMBKM\CapstoneProject\Library\ScriptAssemblies\Unity.2D.IK.Runtime.dll
Symbol file LoadedFromMemory is not a mono symbol file
Symbol file data-0000024325367030 doesn't match image D:\GameProjects\Unity\MBKMCapstone_Renewal\GameCapstoneMBKM\CapstoneProject\Library\ScriptAssemblies\Unity.Services.Core.Editor.dll
Symbol file LoadedFromMemory is not a mono symbol file
Symbol file data-00000243244473D0 doesn't match image D:\GameProjects\Unity\MBKMCapstone_Renewal\GameCapstoneMBKM\CapstoneProject\Library\ScriptAssemblies\Unity.2D.Animation.Triangle.Runtime.dll
Symbol file LoadedFromMemory is not a mono symbol file
Symbol file data-0000024325B44430 doesn't match image D:\GameProjects\Unity\MBKMCapstone_Renewal\GameCapstoneMBKM\CapstoneProject\Library\ScriptAssemblies\Unity.2D.Animation.Runtime.dll
Symbol file LoadedFromMemory is not a mono symbol file
Symbol file data-00000243237FD010 doesn't match image D:\GameProjects\Unity\MBKMCapstone_Renewal\GameCapstoneMBKM\CapstoneProject\Library\ScriptAssemblies\Unity.2D.PixelPerfect.Editor.dll
Symbol file LoadedFromMemory is not a mono symbol file
Symbol file data-000002432480D020 doesn't match image D:\GameProjects\Unity\MBKMCapstone_Renewal\GameCapstoneMBKM\CapstoneProject\Library\ScriptAssemblies\Unity.Timeline.Editor.dll
Symbol file LoadedFromMemory is not a mono symbol file
Symbol file data-000002432352C5F0 doesn't match image D:\GameProjects\Unity\MBKMCapstone_Renewal\GameCapstoneMBKM\CapstoneProject\Library\ScriptAssemblies\Unity.CollabProxy.Editor.dll
Symbol file LoadedFromMemory is not a mono symbol file
Symbol file data-0000024326396450 doesn't match image D:\GameProjects\Unity\MBKMCapstone_Renewal\GameCapstoneMBKM\CapstoneProject\Library\ScriptAssemblies\Unity.Mathematics.Editor.dll
Symbol file LoadedFromMemory is not a mono symbol file
Symbol file data-00000243239B1CA0 doesn't match image D:\GameProjects\Unity\MBKMCapstone_Renewal\GameCapstoneMBKM\CapstoneProject\Library\ScriptAssemblies\Unity.2D.Common.Runtime.dll
Symbol file LoadedFromMemory is not a mono symbol file
Symbol file data-00000243260EDC20 doesn't match image D:\GameProjects\Unity\MBKMCapstone_Renewal\GameCapstoneMBKM\CapstoneProject\Library\ScriptAssemblies\Unity.2D.SpriteShape.Editor.dll
Symbol file LoadedFromMemory is not a mono symbol file
Symbol file data-0000024324E6A230 doesn't match image D:\GameProjects\Unity\MBKMCapstone_Renewal\GameCapstoneMBKM\CapstoneProject\Library\ScriptAssemblies\Unity.2D.Common.Editor.dll
Symbol file LoadedFromMemory is not a mono symbol file
Symbol file data-000002432483D040 doesn't match image D:\GameProjects\Unity\MBKMCapstone_Renewal\GameCapstoneMBKM\CapstoneProject\Library\ScriptAssemblies\Unity.2D.SpriteShape.Runtime.dll
Symbol file LoadedFromMemory is not a mono symbol file
Native extension for WindowsStandalone target not found
Native extension for WebGL target not found
Refreshing native plugins compatible for Editor in 58.66 ms, found 3 plugins.
Preloading 0 native plugins for Editor in 0.00 ms.
Mono: successfully reloaded assembly
- Completed reload, in  1.640 seconds
Domain Reload Profiling:
	ReloadAssembly (1641ms)
		BeginReloadAssembly (238ms)
			ExecutionOrderSort (0ms)
			DisableScriptedObjects (6ms)
			BackupInstance (0ms)
			ReleaseScriptingObjects (0ms)
			CreateAndSetChildDomain (25ms)
		EndReloadAssembly (1301ms)
			LoadAssemblies (164ms)
			RebuildTransferFunctionScriptingTraits (0ms)
			SetupTypeCache (439ms)
			ReleaseScriptCaches (1ms)
			RebuildScriptCaches (64ms)
			SetupLoadedEditorAssemblies (495ms)
				LogAssemblyErrors (0ms)
				InitializePlatformSupportModulesInManaged (6ms)
				SetLoadedEditorAssemblies (0ms)
				RefreshPlugins (59ms)
				BeforeProcessingInitializeOnLoad (106ms)
				ProcessInitializeOnLoadAttributes (284ms)
				ProcessInitializeOnLoadMethodAttributes (22ms)
				AfterProcessingInitializeOnLoad (18ms)
				EditorAssembliesLoaded (0ms)
			ExecutionOrderSort2 (0ms)
			AwakeInstancesAfterBackupRestoration (9ms)
Platform modules already initialized, skipping
========================================================================
Worker process is ready to serve import requests
Launched and connected shader compiler UnityShaderCompiler.exe after 0.25 seconds
Refreshing native plugins compatible for Editor in 0.69 ms, found 3 plugins.
Preloading 0 native plugins for Editor in 0.00 ms.
Unloading 2217 Unused Serialized files (Serialized files now loaded: 0)
System memory in use before: 97.4 MB.
System memory in use after: 97.3 MB.

Unloading 34 unused Assets to reduce memory usage. Loaded Objects now: 2647.
Total: 3.964400 ms (FindLiveObjects: 0.216500 ms CreateObjectMapping: 0.188400 ms MarkObjects: 3.388000 ms  DeleteObjects: 0.170500 ms)

AssetImportParameters requested are different than current active one (requested -> active):
  custom:framework-win-MediaFoundation: 216162199b28c13a410421893ffa2e32 -> 
  custom:video-decoder-ogg-theora: a1e56fd34408186e4bbccfd4996cb3dc -> 
  custom:container-muxer-webm: aa71ff27fc2769a1b78a27578f13a17b -> 
  custom:container-demuxer-webm: 4f35f7cbe854078d1ac9338744f61a02 -> 
  custom:container-demuxer-ogg: 62fdf1f143b41e24485cea50d1cbac27 -> 
  custom:video-encoder-webm-vp8: eb34c28f22e8b96e1ab97ce403110664 -> 
  custom:video-codec-MediaFoundation-h265: 746d11721c4dcdbdad8f713fa42b33f4 -> 
  custom:video-decoder-webm-vp8: 9c59270c3fd7afecdb556c50c9e8de78 -> 
  custom:audio-decoder-ogg-vorbis: bf7c407c2cedff20999df2af8eb42d56 -> 
  custom:audio-encoder-webm-vorbis: bf7c407c2cedff20999df2af8eb42d56 -> 
========================================================================
Received Import Request.
  path: Assets/UI_EndGame.prefab
  artifactKey: Guid(0a771d294711d3e42bc48b697f7eeb4d) Importer(815301076,1909f56bfc062723c751e8b465ee728b)
Start importing Assets/UI_EndGame.prefab using Guid(0a771d294711d3e42bc48b697f7eeb4d) Importer(815301076,1909f56bfc062723c751e8b465ee728b)  -> (artifact id: '956aa3e96aa2b11a1ff49a51352f0b98') in 0.203130 seconds 
  Import took 0.208029 seconds .

========================================================================
Received Import Request.
  Time since last request: 18.196797 seconds.
  path: Assets/Script
  artifactKey: Guid(f27a6a5eeddd61e4da0ea3cc01db55f3) Importer(815301076,1909f56bfc062723c751e8b465ee728b)
Start importing Assets/Script using Guid(f27a6a5eeddd61e4da0ea3cc01db55f3) Importer(815301076,1909f56bfc062723c751e8b465ee728b)  -> (artifact id: '9a03d7986ca86943603b97afe4386447') in 0.010992 seconds 
  Import took 0.017323 seconds .

========================================================================
Received Import Request.
  Time since last request: 1.462768 seconds.
  path: Assets/Fonts
  artifactKey: Guid(ad0fe526b853cf845904ba8577641e12) Importer(815301076,1909f56bfc062723c751e8b465ee728b)
Start importing Assets/Fonts using Guid(ad0fe526b853cf845904ba8577641e12) Importer(815301076,1909f56bfc062723c751e8b465ee728b)  -> (artifact id: '4bc49453580c59343e117b162975ea73') in 0.033098 seconds 
  Import took 0.043736 seconds .

========================================================================
Received Import Request.
  Time since last request: 2.913203 seconds.
  path: Assets/Image
  artifactKey: Guid(2ca363f1f534e7d458d6fa3b571b87d9) Importer(815301076,1909f56bfc062723c751e8b465ee728b)
Start importing Assets/Image using Guid(2ca363f1f534e7d458d6fa3b571b87d9) Importer(815301076,1909f56bfc062723c751e8b465ee728b)  -> (artifact id: 'bc81d44adff45efe7d4b9bc2c808cc40') in 0.015834 seconds 
  Import took 0.022232 seconds .

========================================================================
Received Import Request.
  Time since last request: 1.037191 seconds.
  path: Assets/Scenes
  artifactKey: Guid(131a6b21c8605f84396be9f6751fb6e3) Importer(815301076,1909f56bfc062723c751e8b465ee728b)
Start importing Assets/Scenes using Guid(131a6b21c8605f84396be9f6751fb6e3) Importer(815301076,1909f56bfc062723c751e8b465ee728b)  -> (artifact id: 'df75b7d1a31c5b4f73fd45661b403b04') in 0.162245 seconds 
  Import took 0.178230 seconds .

========================================================================
Received Import Request.
  Time since last request: 9.148790 seconds.
  path: Assets/ClawAset/ClawAndTrash.png
  artifactKey: Guid(f642fb970c5fdfb44adef2ebdb398819) Importer(815301076,1909f56bfc062723c751e8b465ee728b)
Start importing Assets/ClawAset/ClawAndTrash.png using Guid(f642fb970c5fdfb44adef2ebdb398819) Importer(815301076,1909f56bfc062723c751e8b465ee728b)  -> (artifact id: '6352bae1794afdcc8bdcd6d67ab32dab') in 0.943955 seconds 
  Import took 0.957037 seconds .

========================================================================
Received Import Request.
  Time since last request: 1.829233 seconds.
  path: Assets/Fonts/Figno-Regular.otf
  artifactKey: Guid(f7b5058a3c367134bb116a673b92dbe6) Importer(815301076,1909f56bfc062723c751e8b465ee728b)
Start importing Assets/Fonts/Figno-Regular.otf using Guid(f7b5058a3c367134bb116a673b92dbe6) Importer(815301076,1909f56bfc062723c751e8b465ee728b)  -> (artifact id: '69ce037b42599d6649f3d6952d89abac') in 0.958540 seconds 
  Import took 0.963119 seconds .

========================================================================
Received Import Request.
  Time since last request: 0.000267 seconds.
  path: Assets/Fonts/JazzCreateBubble.ttf
  artifactKey: Guid(58b647c5b2ec4184e9a07a561cdf0644) Importer(815301076,1909f56bfc062723c751e8b465ee728b)
Start importing Assets/Fonts/JazzCreateBubble.ttf using Guid(58b647c5b2ec4184e9a07a561cdf0644) Importer(815301076,1909f56bfc062723c751e8b465ee728b)  -> (artifact id: '9b77b730bd27ab5591f141dcd4a76fd1') in 0.027797 seconds 
  Import took 0.032939 seconds .

========================================================================
Received Import Request.
  Time since last request: 4.173405 seconds.
  path: Assets/Scenes/Level1.unity
  artifactKey: Guid(50c9847b0ce54e54b8290b261e14f3b6) Importer(815301076,1909f56bfc062723c751e8b465ee728b)
Start importing Assets/Scenes/Level1.unity using Guid(50c9847b0ce54e54b8290b261e14f3b6) Importer(815301076,1909f56bfc062723c751e8b465ee728b)  -> (artifact id: 'b80bb1a691100e55c21df35dacb19c77') in 0.004037 seconds 
  Import took 0.009093 seconds .

========================================================================
Received Import Request.
  Time since last request: 4189.579729 seconds.
  path: Assets/Scenes/Level2.unity
  artifactKey: Guid(19653f2c05e0444479f1fe2b0a39a7e9) Importer(815301076,1909f56bfc062723c751e8b465ee728b)
Start importing Assets/Scenes/Level2.unity using Guid(19653f2c05e0444479f1fe2b0a39a7e9) Importer(815301076,1909f56bfc062723c751e8b465ee728b)  -> (artifact id: '529c10896b8707401881e426af06bbfe') in 8.102613 seconds 
  Import took 9.861779 seconds .

========================================================================
Received Prepare
Registering precompiled user dll's ...
Registered in 0.308448 seconds.
Begin MonoManager ReloadAssembly
Symbol file data-0000024323441B70 doesn't match image D:\GameProjects\Unity\MBKMCapstone_Renewal\GameCapstoneMBKM\CapstoneProject\Library\ScriptAssemblies\Unity.2D.Animation.Editor.dll
Symbol file LoadedFromMemory is not a mono symbol file
Symbol file data-000002432A1A6480 doesn't match image D:\GameProjects\Unity\MBKMCapstone_Renewal\GameCapstoneMBKM\CapstoneProject\Library\ScriptAssemblies\Unity.InternalAPIEngineBridge.001.dll
Symbol file LoadedFromMemory is not a mono symbol file
Symbol file data-0000024326393A40 doesn't match image D:\GameProjects\Unity\MBKMCapstone_Renewal\GameCapstoneMBKM\CapstoneProject\Library\ScriptAssemblies\Unity.VSCode.Editor.dll
Symbol file LoadedFromMemory is not a mono symbol file
Symbol file data-0000024328CBC020 doesn't match image D:\GameProjects\Unity\MBKMCapstone_Renewal\GameCapstoneMBKM\CapstoneProject\Library\ScriptAssemblies\Unity.2D.PixelPerfect.dll
Symbol file LoadedFromMemory is not a mono symbol file
Symbol file data-0000024326219020 doesn't match image D:\GameProjects\Unity\MBKMCapstone_Renewal\GameCapstoneMBKM\CapstoneProject\Library\ScriptAssemblies\Unity.2D.Tilemap.Editor.dll
Symbol file LoadedFromMemory is not a mono symbol file
Symbol file data-0000024326219020 doesn't match image D:\GameProjects\Unity\MBKMCapstone_Renewal\GameCapstoneMBKM\CapstoneProject\Library\ScriptAssemblies\PsdPlugin.dll
Symbol file LoadedFromMemory is not a mono symbol file
Symbol file data-0000024327518020 doesn't match image D:\GameProjects\Unity\MBKMCapstone_Renewal\GameCapstoneMBKM\CapstoneProject\Library\ScriptAssemblies\Unity.TextMeshPro.Editor.dll
Symbol file LoadedFromMemory is not a mono symbol file
Symbol file data-00000243246A4030 doesn't match image D:\GameProjects\Unity\MBKMCapstone_Renewal\GameCapstoneMBKM\CapstoneProject\Library\ScriptAssemblies\Unity.VisualStudio.Editor.dll
Symbol file LoadedFromMemory is not a mono symbol file
Symbol file data-0000024326219020 doesn't match image D:\GameProjects\Unity\MBKMCapstone_Renewal\GameCapstoneMBKM\CapstoneProject\Library\ScriptAssemblies\UnityEngine.TestRunner.dll
Symbol file LoadedFromMemory is not a mono symbol file
Symbol file data-0000024326219020 doesn't match image D:\GameProjects\Unity\MBKMCapstone_Renewal\GameCapstoneMBKM\CapstoneProject\Library\ScriptAssemblies\Unity.Timeline.dll
Symbol file LoadedFromMemory is not a mono symbol file
Symbol file data-0000024325100010 doesn't match image D:\GameProjects\Unity\MBKMCapstone_Renewal\GameCapstoneMBKM\CapstoneProject\Library\ScriptAssemblies\Unity.TextMeshPro.dll
Symbol file LoadedFromMemory is not a mono symbol file
Symbol file data-000002432512E220 doesn't match image D:\GameProjects\Unity\MBKMCapstone_Renewal\GameCapstoneMBKM\CapstoneProject\Library\ScriptAssemblies\UnityEditor.TestRunner.dll
Symbol file LoadedFromMemory is not a mono symbol file
Symbol file data-0000024326393A40 doesn't match image D:\GameProjects\Unity\MBKMCapstone_Renewal\GameCapstoneMBKM\CapstoneProject\Library\ScriptAssemblies\Unity.2D.IK.Editor.dll
Symbol file LoadedFromMemory is not a mono symbol file
Symbol file data-0000024326219020 doesn't match image D:\GameProjects\Unity\MBKMCapstone_Renewal\GameCapstoneMBKM\CapstoneProject\Library\ScriptAssemblies\Unity.2D.Sprite.Editor.dll
Symbol file LoadedFromMemory is not a mono symbol file
Symbol file data-0000024325D6FAA0 doesn't match image D:\GameProjects\Unity\MBKMCapstone_Renewal\GameCapstoneMBKM\CapstoneProject\Library\ScriptAssemblies\Unity.2D.Psdimporter.Editor.dll
Symbol file LoadedFromMemory is not a mono symbol file
Symbol file data-0000024325D6FAA0 doesn't match image D:\GameProjects\Unity\MBKMCapstone_Renewal\GameCapstoneMBKM\CapstoneProject\Library\ScriptAssemblies\Unity.2D.Path.Editor.dll
Symbol file LoadedFromMemory is not a mono symbol file
Symbol file data-00000244FFE7AAE0 doesn't match image D:\GameProjects\Unity\MBKMCapstone_Renewal\GameCapstoneMBKM\CapstoneProject\Library\ScriptAssemblies\Unity.InternalAPIEditorBridge.001.dll
Symbol file LoadedFromMemory is not a mono symbol file
Symbol file data-00000243299EBE40 doesn't match image D:\GameProjects\Unity\MBKMCapstone_Renewal\GameCapstoneMBKM\CapstoneProject\Library\ScriptAssemblies\UnityEditor.UI.dll
Symbol file LoadedFromMemory is not a mono symbol file
Symbol file data-000002432529B020 doesn't match image D:\GameProjects\Unity\MBKMCapstone_Renewal\GameCapstoneMBKM\CapstoneProject\Library\ScriptAssemblies\Unity.PlasticSCM.Editor.dll
Symbol file LoadedFromMemory is not a mono symbol file
Symbol file data-000002432988C6F0 doesn't match image D:\GameProjects\Unity\MBKMCapstone_Renewal\GameCapstoneMBKM\CapstoneProject\Library\ScriptAssemblies\Unity.Rider.Editor.dll
Symbol file LoadedFromMemory is not a mono symbol file
Symbol file data-0000024326DAAE50 doesn't match image D:\GameProjects\Unity\MBKMCapstone_Renewal\GameCapstoneMBKM\CapstoneProject\Library\ScriptAssemblies\UnityEngine.UI.dll
Symbol file LoadedFromMemory is not a mono symbol file
Symbol file data-0000024324DCA020 doesn't match image D:\GameProjects\Unity\MBKMCapstone_Renewal\GameCapstoneMBKM\CapstoneProject\Library\ScriptAssemblies\Unity.Mathematics.dll
Symbol file LoadedFromMemory is not a mono symbol file
Symbol file data-0000024323654870 doesn't match image D:\GameProjects\Unity\MBKMCapstone_Renewal\GameCapstoneMBKM\CapstoneProject\Library\ScriptAssemblies\Unity.2D.IK.Runtime.dll
Symbol file LoadedFromMemory is not a mono symbol file
Symbol file data-000002432988C6F0 doesn't match image D:\GameProjects\Unity\MBKMCapstone_Renewal\GameCapstoneMBKM\CapstoneProject\Library\ScriptAssemblies\Unity.Services.Core.Editor.dll
Symbol file LoadedFromMemory is not a mono symbol file
Symbol file data-0000024326795030 doesn't match image D:\GameProjects\Unity\MBKMCapstone_Renewal\GameCapstoneMBKM\CapstoneProject\Library\ScriptAssemblies\Unity.2D.Animation.Triangle.Runtime.dll
Symbol file LoadedFromMemory is not a mono symbol file
Symbol file data-0000024323877800 doesn't match image D:\GameProjects\Unity\MBKMCapstone_Renewal\GameCapstoneMBKM\CapstoneProject\Library\ScriptAssemblies\Unity.2D.Animation.Runtime.dll
Symbol file LoadedFromMemory is not a mono symbol file
Symbol file data-0000024324420080 doesn't match image D:\GameProjects\Unity\MBKMCapstone_Renewal\GameCapstoneMBKM\CapstoneProject\Library\ScriptAssemblies\Unity.2D.PixelPerfect.Editor.dll
Symbol file LoadedFromMemory is not a mono symbol file
Symbol file data-0000024325F0C010 doesn't match image D:\GameProjects\Unity\MBKMCapstone_Renewal\GameCapstoneMBKM\CapstoneProject\Library\ScriptAssemblies\Unity.Timeline.Editor.dll
Symbol file LoadedFromMemory is not a mono symbol file
Symbol file data-0000024329E28010 doesn't match image D:\GameProjects\Unity\MBKMCapstone_Renewal\GameCapstoneMBKM\CapstoneProject\Library\ScriptAssemblies\Unity.CollabProxy.Editor.dll
Symbol file LoadedFromMemory is not a mono symbol file
Symbol file data-0000024328CBC020 doesn't match image D:\GameProjects\Unity\MBKMCapstone_Renewal\GameCapstoneMBKM\CapstoneProject\Library\ScriptAssemblies\Unity.Mathematics.Editor.dll
Symbol file LoadedFromMemory is not a mono symbol file
Symbol file data-000002432948E200 doesn't match image D:\GameProjects\Unity\MBKMCapstone_Renewal\GameCapstoneMBKM\CapstoneProject\Library\ScriptAssemblies\Unity.2D.Common.Runtime.dll
Symbol file LoadedFromMemory is not a mono symbol file
Symbol file data-00000243233F35F0 doesn't match image D:\GameProjects\Unity\MBKMCapstone_Renewal\GameCapstoneMBKM\CapstoneProject\Library\ScriptAssemblies\Unity.2D.SpriteShape.Editor.dll
Symbol file LoadedFromMemory is not a mono symbol file
Symbol file data-0000024326393A40 doesn't match image D:\GameProjects\Unity\MBKMCapstone_Renewal\GameCapstoneMBKM\CapstoneProject\Library\ScriptAssemblies\Unity.2D.Common.Editor.dll
Symbol file LoadedFromMemory is not a mono symbol file
Symbol file data-0000024329E28010 doesn't match image D:\GameProjects\Unity\MBKMCapstone_Renewal\GameCapstoneMBKM\CapstoneProject\Library\ScriptAssemblies\Unity.2D.SpriteShape.Runtime.dll
Symbol file LoadedFromMemory is not a mono symbol file
Native extension for WindowsStandalone target not found
Native extension for WebGL target not found
Refreshing native plugins compatible for Editor in 0.58 ms, found 3 plugins.
Preloading 0 native plugins for Editor in 0.00 ms.
Mono: successfully reloaded assembly
- Completed reload, in  1.964 seconds
Domain Reload Profiling:
	ReloadAssembly (1966ms)
		BeginReloadAssembly (604ms)
			ExecutionOrderSort (0ms)
			DisableScriptedObjects (21ms)
			BackupInstance (0ms)
			ReleaseScriptingObjects (0ms)
			CreateAndSetChildDomain (426ms)
		EndReloadAssembly (1254ms)
			LoadAssemblies (186ms)
			RebuildTransferFunctionScriptingTraits (0ms)
			SetupTypeCache (482ms)
			ReleaseScriptCaches (1ms)
			RebuildScriptCaches (58ms)
			SetupLoadedEditorAssemblies (433ms)
				LogAssemblyErrors (0ms)
				InitializePlatformSupportModulesInManaged (8ms)
				SetLoadedEditorAssemblies (1ms)
				RefreshPlugins (1ms)
				BeforeProcessingInitializeOnLoad (114ms)
				ProcessInitializeOnLoadAttributes (276ms)
				ProcessInitializeOnLoadMethodAttributes (16ms)
				AfterProcessingInitializeOnLoad (18ms)
				EditorAssembliesLoaded (0ms)
			ExecutionOrderSort2 (0ms)
			AwakeInstancesAfterBackupRestoration (14ms)
Platform modules already initialized, skipping
Refreshing native plugins compatible for Editor in 2.34 ms, found 3 plugins.
Preloading 0 native plugins for Editor in 0.00 ms.
Unloading 2212 Unused Serialized files (Serialized files now loaded: 0)
System memory in use before: 101.0 MB.
System memory in use after: 101.0 MB.

Unloading 23 unused Assets to reduce memory usage. Loaded Objects now: 2746.
Total: 8.576300 ms (FindLiveObjects: 0.356000 ms CreateObjectMapping: 0.186500 ms MarkObjects: 7.787100 ms  DeleteObjects: 0.244800 ms)

AssetImportParameters requested are different than current active one (requested -> active):
  custom:framework-win-MediaFoundation: 216162199b28c13a410421893ffa2e32 -> 
  custom:video-decoder-ogg-theora: a1e56fd34408186e4bbccfd4996cb3dc -> 
  custom:container-muxer-webm: aa71ff27fc2769a1b78a27578f13a17b -> 
  custom:container-demuxer-webm: 4f35f7cbe854078d1ac9338744f61a02 -> 
  custom:container-demuxer-ogg: 62fdf1f143b41e24485cea50d1cbac27 -> 
  custom:video-encoder-webm-vp8: eb34c28f22e8b96e1ab97ce403110664 -> 
  custom:video-codec-MediaFoundation-h265: 746d11721c4dcdbdad8f713fa42b33f4 -> 
  custom:video-decoder-webm-vp8: 9c59270c3fd7afecdb556c50c9e8de78 -> 
  custom:audio-decoder-ogg-vorbis: bf7c407c2cedff20999df2af8eb42d56 -> 
  custom:audio-encoder-webm-vorbis: bf7c407c2cedff20999df2af8eb42d56 -> 
========================================================================
Received Import Request.
  Time since last request: 2498.535296 seconds.
  path: Assets/Image/CREDITS-1.png
  artifactKey: Guid(d5ed79964bce9de438ad0a4ae850e9e6) Importer(815301076,1909f56bfc062723c751e8b465ee728b)
Start importing Assets/Image/CREDITS-1.png using Guid(d5ed79964bce9de438ad0a4ae850e9e6) Importer(815301076,1909f56bfc062723c751e8b465ee728b)  -> (artifact id: '4765f19ab16fb0fa4a98a51f68a12ca2') in 0.552274 seconds 
  Import took 0.557909 seconds .

========================================================================
Received Import Request.
  Time since last request: 0.000274 seconds.
  path: Assets/Image/Checked.png
  artifactKey: Guid(73b8cf001b6c8d541adf6d08ebe32279) Importer(815301076,1909f56bfc062723c751e8b465ee728b)
Start importing Assets/Image/Checked.png using Guid(73b8cf001b6c8d541adf6d08ebe32279) Importer(815301076,1909f56bfc062723c751e8b465ee728b)  -> (artifact id: '85dd83cb17a419896e943cdb6fdb5bfd') in 0.040532 seconds 
  Import took 0.045169 seconds .

========================================================================
Received Import Request.
  Time since last request: 0.000287 seconds.
  path: Assets/Image/Background 1 (1).png
  artifactKey: Guid(53c5462a2db3b554f8bfaefc8d67c128) Importer(815301076,1909f56bfc062723c751e8b465ee728b)
Start importing Assets/Image/Background 1 (1).png using Guid(53c5462a2db3b554f8bfaefc8d67c128) Importer(815301076,1909f56bfc062723c751e8b465ee728b)  -> (artifact id: '1286690f3106463f1af6d4be228bc2f4') in 0.228821 seconds 
  Import took 0.235078 seconds .

========================================================================
Received Import Request.
  Time since last request: 0.000274 seconds.
  path: Assets/Image/CREDITS.png
  artifactKey: Guid(4201f3b3c7585a94ea7c6284fd358cab) Importer(815301076,1909f56bfc062723c751e8b465ee728b)
Start importing Assets/Image/CREDITS.png using Guid(4201f3b3c7585a94ea7c6284fd358cab) Importer(815301076,1909f56bfc062723c751e8b465ee728b)  -> (artifact id: 'c647e1a8c86316c57a437f4a3eb5da4b') in 0.079886 seconds 
  Import took 0.084321 seconds .

========================================================================
Received Import Request.
  Time since last request: 0.000307 seconds.
  path: Assets/Image/Options.png
  artifactKey: Guid(1666ed32fb7efab4185b760f70977e4f) Importer(815301076,1909f56bfc062723c751e8b465ee728b)
Start importing Assets/Image/Options.png using Guid(1666ed32fb7efab4185b760f70977e4f) Importer(815301076,1909f56bfc062723c751e8b465ee728b)  -> (artifact id: 'a8826b8fbea86f2094251efac0dab109') in 0.090969 seconds 
  Import took 0.097912 seconds .

========================================================================
Received Import Request.
  Time since last request: 0.000283 seconds.
  path: Assets/Image/Start (1).png
  artifactKey: Guid(9db0f7fbc49ec4449b294a5187a18806) Importer(815301076,1909f56bfc062723c751e8b465ee728b)
Start importing Assets/Image/Start (1).png using Guid(9db0f7fbc49ec4449b294a5187a18806) Importer(815301076,1909f56bfc062723c751e8b465ee728b)  -> (artifact id: '22bbc7efa5917cf89862963f896b5fed') in 0.085324 seconds 
  Import took 0.091632 seconds .

========================================================================
Received Import Request.
  Time since last request: 0.000314 seconds.
  path: Assets/Image/Star.png
  artifactKey: Guid(db20fb257940f004eae88a5270c680fd) Importer(815301076,1909f56bfc062723c751e8b465ee728b)
Start importing Assets/Image/Star.png using Guid(db20fb257940f004eae88a5270c680fd) Importer(815301076,1909f56bfc062723c751e8b465ee728b)  -> (artifact id: 'd8f28a56ec72785eb89305d7e816956b') in 0.030872 seconds 
  Import took 0.038008 seconds .

========================================================================
Received Import Request.
  Time since last request: 0.000286 seconds.
  path: Assets/Image/Start hoverd.png
  artifactKey: Guid(60d68db589286ef44898e71037dfd960) Importer(815301076,1909f56bfc062723c751e8b465ee728b)
Start importing Assets/Image/Start hoverd.png using Guid(60d68db589286ef44898e71037dfd960) Importer(815301076,1909f56bfc062723c751e8b465ee728b)  -> (artifact id: '6593663f57ec85ee1a023b79d2dcbf11') in 0.074713 seconds 
  Import took 0.080878 seconds .

========================================================================
Received Import Request.
  Time since last request: 0.000290 seconds.
  path: Assets/Image/Unchecked.png
  artifactKey: Guid(ff7e56dd4eb7c894ca39b218f514769e) Importer(815301076,1909f56bfc062723c751e8b465ee728b)
Start importing Assets/Image/Unchecked.png using Guid(ff7e56dd4eb7c894ca39b218f514769e) Importer(815301076,1909f56bfc062723c751e8b465ee728b)  -> (artifact id: '940ee9a265fffa3118d8b62032c0c8a3') in 0.105924 seconds 
  Import took 0.113128 seconds .

========================================================================
Received Import Request.
  Time since last request: 0.000323 seconds.
  path: Assets/Image/EXIT GAME.png
  artifactKey: Guid(9e936e82925797242966f0f4bcc1c5c1) Importer(815301076,1909f56bfc062723c751e8b465ee728b)
Start importing Assets/Image/EXIT GAME.png using Guid(9e936e82925797242966f0f4bcc1c5c1) Importer(815301076,1909f56bfc062723c751e8b465ee728b)  -> (artifact id: 'b9b744adcd865ebb05014f8dfbb1cf94') in 0.394692 seconds 
  Import took 0.404930 seconds .

========================================================================
Received Import Request.
  Time since last request: 0.000271 seconds.
  path: Assets/Image/Custom.png
  artifactKey: Guid(74f71a0f6201d784ab43d22fbbdcb6e9) Importer(815301076,1909f56bfc062723c751e8b465ee728b)
Start importing Assets/Image/Custom.png using Guid(74f71a0f6201d784ab43d22fbbdcb6e9) Importer(815301076,1909f56bfc062723c751e8b465ee728b)  -> (artifact id: '76a6b83eae77e4d82ef6031436ed1dcb') in 0.104690 seconds 
  Import took 0.110882 seconds .

========================================================================
Received Import Request.
  Time since last request: 0.000259 seconds.
  path: Assets/Image/Continue-1.png
  artifactKey: Guid(5600e52f62d24914d9413719079f81b3) Importer(815301076,1909f56bfc062723c751e8b465ee728b)
Start importing Assets/Image/Continue-1.png using Guid(5600e52f62d24914d9413719079f81b3) Importer(815301076,1909f56bfc062723c751e8b465ee728b)  -> (artifact id: '4f3597baed4c8c9fa75d24d9d89a9108') in 0.328512 seconds 
  Import took 0.338611 seconds .

========================================================================
Received Import Request.
  Time since last request: 0.000837 seconds.
  path: Assets/Image/_ Back.png
  artifactKey: Guid(0f9769084a93fcd4ea2b50b715c11814) Importer(815301076,1909f56bfc062723c751e8b465ee728b)
Start importing Assets/Image/_ Back.png using Guid(0f9769084a93fcd4ea2b50b715c11814) Importer(815301076,1909f56bfc062723c751e8b465ee728b)  -> (artifact id: 'ed08db496b9625d60349be4586a1eeb6') in 0.054414 seconds 
  Import took 0.066520 seconds .

========================================================================
Received Import Request.
  Time since last request: 0.000338 seconds.
  path: Assets/Image/logo.png
  artifactKey: Guid(0ef65c9f31cfdee40a498ad7095b4f49) Importer(815301076,1909f56bfc062723c751e8b465ee728b)
Start importing Assets/Image/logo.png using Guid(0ef65c9f31cfdee40a498ad7095b4f49) Importer(815301076,1909f56bfc062723c751e8b465ee728b)  -> (artifact id: 'a6a05bd8922f23dc84340d9b98de0921') in 0.234736 seconds 
  Import took 0.241980 seconds .

========================================================================
Received Import Request.
  Time since last request: 0.000276 seconds.
  path: Assets/Image/Continue-4.png
  artifactKey: Guid(5969a3fddbf434048b8e8383e8c83f33) Importer(815301076,1909f56bfc062723c751e8b465ee728b)
Start importing Assets/Image/Continue-4.png using Guid(5969a3fddbf434048b8e8383e8c83f33) Importer(815301076,1909f56bfc062723c751e8b465ee728b)  -> (artifact id: '3d82f6e5796d6a3bbe2c6f5c71550acd') in 0.024102 seconds 
  Import took 0.036926 seconds .

========================================================================
Received Import Request.
  Time since last request: 0.000330 seconds.
  path: Assets/Image/custom locked.png
  artifactKey: Guid(cc8f7cbba80d10448b868a8520020f14) Importer(815301076,1909f56bfc062723c751e8b465ee728b)
Start importing Assets/Image/custom locked.png using Guid(cc8f7cbba80d10448b868a8520020f14) Importer(815301076,1909f56bfc062723c751e8b465ee728b)  -> (artifact id: 'dd05bb2635b3991679b8c99864358a11') in 0.044448 seconds 
  Import took 0.053715 seconds .

========================================================================
Received Import Request.
  Time since last request: 0.000258 seconds.
  path: Assets/Image/Increase time.png
  artifactKey: Guid(0fc49ec303b567c4c94ffadc0af99977) Importer(815301076,1909f56bfc062723c751e8b465ee728b)
Start importing Assets/Image/Increase time.png using Guid(0fc49ec303b567c4c94ffadc0af99977) Importer(815301076,1909f56bfc062723c751e8b465ee728b)  -> (artifact id: 'baa993d65cd3fa916aac0ef0d89c5b03') in 0.046751 seconds 
  Import took 0.051121 seconds .

========================================================================
Received Import Request.
  Time since last request: 0.000275 seconds.
  path: Assets/Image/Continue-5.png
  artifactKey: Guid(ee02f999de7420d4e8872bbe0f802243) Importer(815301076,1909f56bfc062723c751e8b465ee728b)
Start importing Assets/Image/Continue-5.png using Guid(ee02f999de7420d4e8872bbe0f802243) Importer(815301076,1909f56bfc062723c751e8b465ee728b)  -> (artifact id: '69bf50fa69c7915d2e2319e185516c45') in 0.109754 seconds 
  Import took 0.120394 seconds .

========================================================================
Received Import Request.
  Time since last request: 0.000505 seconds.
  path: Assets/Image/Resume-1.png
  artifactKey: Guid(daf1e7487519fc04ba5ddbc347ae05b4) Importer(815301076,1909f56bfc062723c751e8b465ee728b)
Start importing Assets/Image/Resume-1.png using Guid(daf1e7487519fc04ba5ddbc347ae05b4) Importer(815301076,1909f56bfc062723c751e8b465ee728b)  -> (artifact id: 'af67e0c62466e7c8c87b8c648382e810') in 0.076098 seconds 
  Import took 0.085588 seconds .

========================================================================
Received Import Request.
  Time since last request: 0.000290 seconds.
  path: Assets/Image/Dialogue bar.png
  artifactKey: Guid(9285802cdd7e5e043bbe64a1ed917869) Importer(815301076,1909f56bfc062723c751e8b465ee728b)
Start importing Assets/Image/Dialogue bar.png using Guid(9285802cdd7e5e043bbe64a1ed917869) Importer(815301076,1909f56bfc062723c751e8b465ee728b)  -> (artifact id: '6a84e6e88a8aba502c2ee778e9a81659') in 0.143793 seconds 
  Import took 0.151399 seconds .

========================================================================
Received Import Request.
  Time since last request: 0.000289 seconds.
  path: Assets/Image/Continue-3.png
  artifactKey: Guid(ad0de49ca923aea4dbd3edd2b02d0921) Importer(815301076,1909f56bfc062723c751e8b465ee728b)
Start importing Assets/Image/Continue-3.png using Guid(ad0de49ca923aea4dbd3edd2b02d0921) Importer(815301076,1909f56bfc062723c751e8b465ee728b)  -> (artifact id: 'e16a9f7863d5cda586a928a80ed4f1a9') in 0.029757 seconds 
  Import took 0.035680 seconds .

========================================================================
Received Import Request.
  Time since last request: 0.000321 seconds.
  path: Assets/Image/End Game.png
  artifactKey: Guid(9002697b75418f14aa587a747345f32e) Importer(815301076,1909f56bfc062723c751e8b465ee728b)
Start importing Assets/Image/End Game.png using Guid(9002697b75418f14aa587a747345f32e) Importer(815301076,1909f56bfc062723c751e8b465ee728b)  -> (artifact id: '54855d883c2ec60668d9fee6daf7f325') in 0.148170 seconds 
  Import took 0.153602 seconds .

========================================================================
Received Import Request.
  Time since last request: 0.000286 seconds.
  path: Assets/Image/Reduce time.png
  artifactKey: Guid(52274440970ed6443b7d18924e73e24e) Importer(815301076,1909f56bfc062723c751e8b465ee728b)
Start importing Assets/Image/Reduce time.png using Guid(52274440970ed6443b7d18924e73e24e) Importer(815301076,1909f56bfc062723c751e8b465ee728b)  -> (artifact id: 'a2553994a4fc259726da9bb657080b87') in 0.051547 seconds 
  Import took 0.057455 seconds .

========================================================================
Received Import Request.
  Time since last request: 0.000335 seconds.
  path: Assets/Scenes/ClawScene.unity
  artifactKey: Guid(489b75e9da80fb34fbc4c0780cd74243) Importer(815301076,1909f56bfc062723c751e8b465ee728b)
Start importing Assets/Scenes/ClawScene.unity using Guid(489b75e9da80fb34fbc4c0780cd74243) Importer(815301076,1909f56bfc062723c751e8b465ee728b)  -> (artifact id: '3bdd1c63e476e3714597054f4a5a7b01') in 0.005582 seconds 
  Import took 0.013130 seconds .

========================================================================
Received Import Request.
  Time since last request: 0.000329 seconds.
  path: Assets/Image/OPTIONS (1).png
  artifactKey: Guid(69f0ccaa782c35b4a9790dde8317864c) Importer(815301076,1909f56bfc062723c751e8b465ee728b)
Start importing Assets/Image/OPTIONS (1).png using Guid(69f0ccaa782c35b4a9790dde8317864c) Importer(815301076,1909f56bfc062723c751e8b465ee728b)  -> (artifact id: '98c442c8525ec39b5923cea1cf029044') in 0.077204 seconds 
  Import took 0.084599 seconds .

========================================================================
Received Import Request.
  Time since last request: 0.000275 seconds.
  path: Assets/Image/Background rectangle.png
  artifactKey: Guid(022f952aebab9c44e9ba5c082761e4c0) Importer(815301076,1909f56bfc062723c751e8b465ee728b)
Start importing Assets/Image/Background rectangle.png using Guid(022f952aebab9c44e9ba5c082761e4c0) Importer(815301076,1909f56bfc062723c751e8b465ee728b)  -> (artifact id: 'a964e5e08f44c92e9c6e767431d0b1c6') in 0.107443 seconds 
  Import took 0.113259 seconds .

========================================================================
Received Import Request.
  Time since last request: 0.000266 seconds.
  path: Assets/Image/Continue-2.png
  artifactKey: Guid(698652df40173c84e97df65716f238e2) Importer(815301076,1909f56bfc062723c751e8b465ee728b)
Start importing Assets/Image/Continue-2.png using Guid(698652df40173c84e97df65716f238e2) Importer(815301076,1909f56bfc062723c751e8b465ee728b)  -> (artifact id: '7b861c0f72eabef758a7eedf71aee22c') in 0.085573 seconds 
  Import took 0.090248 seconds .

========================================================================
Received Import Request.
  Time since last request: 0.000274 seconds.
  path: Assets/Image/Options-1.png
  artifactKey: Guid(0a5fcdaada8564649babb283b782db7d) Importer(815301076,1909f56bfc062723c751e8b465ee728b)
Start importing Assets/Image/Options-1.png using Guid(0a5fcdaada8564649babb283b782db7d) Importer(815301076,1909f56bfc062723c751e8b465ee728b)  -> (artifact id: 'dce30bb03a4331af5d836d7c1bbe8b30') in 0.043793 seconds 
  Import took 0.048971 seconds .

========================================================================
Received Import Request.
  Time since last request: 0.000262 seconds.
  path: Assets/Image/Custom-1 (1).png
  artifactKey: Guid(c3f5095b59c70114cbe9333f5bf4e003) Importer(815301076,1909f56bfc062723c751e8b465ee728b)
Start importing Assets/Image/Custom-1 (1).png using Guid(c3f5095b59c70114cbe9333f5bf4e003) Importer(815301076,1909f56bfc062723c751e8b465ee728b)  -> (artifact id: 'fd35e1023242f605eefaaa87f3aed079') in 0.063661 seconds 
  Import took 0.069982 seconds .

========================================================================
Received Import Request.
  Time since last request: 0.000278 seconds.
  path: Assets/Image/EXIT GAME-1.png
  artifactKey: Guid(9da8173e87c2335439a04404c2cc0adb) Importer(815301076,1909f56bfc062723c751e8b465ee728b)
Start importing Assets/Image/EXIT GAME-1.png using Guid(9da8173e87c2335439a04404c2cc0adb) Importer(815301076,1909f56bfc062723c751e8b465ee728b)  -> (artifact id: '48c2c1351127f6492e852f028de3f09f') in 0.070582 seconds 
  Import took 0.075017 seconds .

========================================================================
Received Import Request.
  Time since last request: 0.000569 seconds.
  path: Assets/Image/Story.png
  artifactKey: Guid(ff6af236bdbca3749ba854e6f4ea3e31) Importer(815301076,1909f56bfc062723c751e8b465ee728b)
Start importing Assets/Image/Story.png using Guid(ff6af236bdbca3749ba854e6f4ea3e31) Importer(815301076,1909f56bfc062723c751e8b465ee728b)  -> (artifact id: '097324bdeb79ceffad27678342536198') in 0.106074 seconds 
  Import took 0.119490 seconds .

========================================================================
Received Import Request.
  Time since last request: 0.000187 seconds.
  path: Assets/Image/Continue.png
  artifactKey: Guid(db2be09da2197904eb084dc716cd3838) Importer(815301076,1909f56bfc062723c751e8b465ee728b)
Start importing Assets/Image/Continue.png using Guid(db2be09da2197904eb084dc716cd3838) Importer(815301076,1909f56bfc062723c751e8b465ee728b)  -> (artifact id: 'e58b2a94910c2167c55aa8a4692f47c1') in 0.059551 seconds 
  Import took 0.071787 seconds .

========================================================================
Received Import Request.
  Time since last request: 0.000273 seconds.
  path: Assets/Image/Empty Stars.png
  artifactKey: Guid(8522c68064211ea479d49e491eebae7b) Importer(815301076,1909f56bfc062723c751e8b465ee728b)
Start importing Assets/Image/Empty Stars.png using Guid(8522c68064211ea479d49e491eebae7b) Importer(815301076,1909f56bfc062723c751e8b465ee728b)  -> (artifact id: '01ee1165769ea3ed1bbc44856dcf5586') in 0.039734 seconds 
  Import took 0.047512 seconds .

========================================================================
Received Import Request.
  Time since last request: 0.000286 seconds.
  path: Assets/Image/Custom-1.png
  artifactKey: Guid(ced0339ff060b094db519d05cad0b4e1) Importer(815301076,1909f56bfc062723c751e8b465ee728b)
Start importing Assets/Image/Custom-1.png using Guid(ced0339ff060b094db519d05cad0b4e1) Importer(815301076,1909f56bfc062723c751e8b465ee728b)  -> (artifact id: '8cd9625a43ab6df412d7b0a4eb0a9510') in 0.111348 seconds 
  Import took 0.124035 seconds .

========================================================================
Received Import Request.
  Time since last request: 0.000906 seconds.
  path: Assets/Image/End Game-1.png
  artifactKey: Guid(65b509406943013438a89c64670284ec) Importer(815301076,1909f56bfc062723c751e8b465ee728b)
Start importing Assets/Image/End Game-1.png using Guid(65b509406943013438a89c64670284ec) Importer(815301076,1909f56bfc062723c751e8b465ee728b)  -> (artifact id: 'd081717ab17c3b9bd7f1a17d1d494912') in 0.071293 seconds 
  Import took 0.081315 seconds .

========================================================================
Received Import Request.
  Time since last request: 0.000313 seconds.
  path: Assets/Image/Resume.png
  artifactKey: Guid(e6e4591776c65c04a9e5fc658f3c2778) Importer(815301076,1909f56bfc062723c751e8b465ee728b)
Start importing Assets/Image/Resume.png using Guid(e6e4591776c65c04a9e5fc658f3c2778) Importer(815301076,1909f56bfc062723c751e8b465ee728b)  -> (artifact id: '164b44496546be91b72e68f2b3be78e4') in 0.069755 seconds 
  Import took 0.076910 seconds .

========================================================================
Received Prepare
Registering precompiled user dll's ...
Registered in 0.006363 seconds.
Begin MonoManager ReloadAssembly
Symbol file data-000002432480D020 doesn't match image D:\GameProjects\Unity\MBKMCapstone_Renewal\GameCapstoneMBKM\CapstoneProject\Library\ScriptAssemblies\Unity.2D.Animation.Editor.dll
Symbol file LoadedFromMemory is not a mono symbol file
Symbol file data-000002432A1A6860 doesn't match image D:\GameProjects\Unity\MBKMCapstone_Renewal\GameCapstoneMBKM\CapstoneProject\Library\ScriptAssemblies\Unity.InternalAPIEngineBridge.001.dll
Symbol file LoadedFromMemory is not a mono symbol file
Symbol file data-000002435A0A8790 doesn't match image D:\GameProjects\Unity\MBKMCapstone_Renewal\GameCapstoneMBKM\CapstoneProject\Library\ScriptAssemblies\Unity.VSCode.Editor.dll
Symbol file LoadedFromMemory is not a mono symbol file
Symbol file data-0000024326A3E020 doesn't match image D:\GameProjects\Unity\MBKMCapstone_Renewal\GameCapstoneMBKM\CapstoneProject\Library\ScriptAssemblies\Unity.2D.PixelPerfect.dll
Symbol file LoadedFromMemory is not a mono symbol file
Symbol file data-0000024326219020 doesn't match image D:\GameProjects\Unity\MBKMCapstone_Renewal\GameCapstoneMBKM\CapstoneProject\Library\ScriptAssemblies\Unity.2D.Tilemap.Editor.dll
Symbol file LoadedFromMemory is not a mono symbol file
Symbol file data-0000024324D03850 doesn't match image D:\GameProjects\Unity\MBKMCapstone_Renewal\GameCapstoneMBKM\CapstoneProject\Library\ScriptAssemblies\PsdPlugin.dll
Symbol file LoadedFromMemory is not a mono symbol file
Symbol file data-0000024327BBF020 doesn't match image D:\GameProjects\Unity\MBKMCapstone_Renewal\GameCapstoneMBKM\CapstoneProject\Library\ScriptAssemblies\Unity.TextMeshPro.Editor.dll
Symbol file LoadedFromMemory is not a mono symbol file
Symbol file data-0000024324D3DCA0 doesn't match image D:\GameProjects\Unity\MBKMCapstone_Renewal\GameCapstoneMBKM\CapstoneProject\Library\ScriptAssemblies\Unity.VisualStudio.Editor.dll
Symbol file LoadedFromMemory is not a mono symbol file
Symbol file data-0000024324D03850 doesn't match image D:\GameProjects\Unity\MBKMCapstone_Renewal\GameCapstoneMBKM\CapstoneProject\Library\ScriptAssemblies\UnityEngine.TestRunner.dll
Symbol file LoadedFromMemory is not a mono symbol file
Symbol file data-0000024326219020 doesn't match image D:\GameProjects\Unity\MBKMCapstone_Renewal\GameCapstoneMBKM\CapstoneProject\Library\ScriptAssemblies\Unity.Timeline.dll
Symbol file LoadedFromMemory is not a mono symbol file
Symbol file data-0000024324D769F0 doesn't match image D:\GameProjects\Unity\MBKMCapstone_Renewal\GameCapstoneMBKM\CapstoneProject\Library\ScriptAssemblies\Unity.TextMeshPro.dll
Symbol file LoadedFromMemory is not a mono symbol file
Symbol file data-000002432995A040 doesn't match image D:\GameProjects\Unity\MBKMCapstone_Renewal\GameCapstoneMBKM\CapstoneProject\Library\ScriptAssemblies\UnityEditor.TestRunner.dll
Symbol file LoadedFromMemory is not a mono symbol file
Symbol file data-000002435A0A8790 doesn't match image D:\GameProjects\Unity\MBKMCapstone_Renewal\GameCapstoneMBKM\CapstoneProject\Library\ScriptAssemblies\Unity.2D.IK.Editor.dll
Symbol file LoadedFromMemory is not a mono symbol file
Symbol file data-0000024326219020 doesn't match image D:\GameProjects\Unity\MBKMCapstone_Renewal\GameCapstoneMBKM\CapstoneProject\Library\ScriptAssemblies\Unity.2D.Sprite.Editor.dll
Symbol file LoadedFromMemory is not a mono symbol file
Symbol file data-00000243251EA020 doesn't match image D:\GameProjects\Unity\MBKMCapstone_Renewal\GameCapstoneMBKM\CapstoneProject\Library\ScriptAssemblies\Unity.2D.Psdimporter.Editor.dll
Symbol file LoadedFromMemory is not a mono symbol file
Symbol file data-00000243251EA020 doesn't match image D:\GameProjects\Unity\MBKMCapstone_Renewal\GameCapstoneMBKM\CapstoneProject\Library\ScriptAssemblies\Unity.2D.Path.Editor.dll
Symbol file LoadedFromMemory is not a mono symbol file
Symbol file data-0000024325D71110 doesn't match image D:\GameProjects\Unity\MBKMCapstone_Renewal\GameCapstoneMBKM\CapstoneProject\Library\ScriptAssemblies\Unity.InternalAPIEditorBridge.001.dll
Symbol file LoadedFromMemory is not a mono symbol file
Symbol file data-00000243293C5EC0 doesn't match image D:\GameProjects\Unity\MBKMCapstone_Renewal\GameCapstoneMBKM\CapstoneProject\Library\ScriptAssemblies\UnityEditor.UI.dll
Symbol file LoadedFromMemory is not a mono symbol file
Symbol file data-0000024324E2B010 doesn't match image D:\GameProjects\Unity\MBKMCapstone_Renewal\GameCapstoneMBKM\CapstoneProject\Library\ScriptAssemblies\Unity.PlasticSCM.Editor.dll
Symbol file LoadedFromMemory is not a mono symbol file
Symbol file data-0000024325367030 doesn't match image D:\GameProjects\Unity\MBKMCapstone_Renewal\GameCapstoneMBKM\CapstoneProject\Library\ScriptAssemblies\Unity.Rider.Editor.dll
Symbol file LoadedFromMemory is not a mono symbol file
Symbol file data-0000024325FBB010 doesn't match image D:\GameProjects\Unity\MBKMCapstone_Renewal\GameCapstoneMBKM\CapstoneProject\Library\ScriptAssemblies\UnityEngine.UI.dll
Symbol file LoadedFromMemory is not a mono symbol file
Symbol file data-0000024324DCA020 doesn't match image D:\GameProjects\Unity\MBKMCapstone_Renewal\GameCapstoneMBKM\CapstoneProject\Library\ScriptAssemblies\Unity.Mathematics.dll
Symbol file LoadedFromMemory is not a mono symbol file
Symbol file data-0000024323654870 doesn't match image D:\GameProjects\Unity\MBKMCapstone_Renewal\GameCapstoneMBKM\CapstoneProject\Library\ScriptAssemblies\Unity.2D.IK.Runtime.dll
Symbol file LoadedFromMemory is not a mono symbol file
Symbol file data-0000024326243E40 doesn't match image D:\GameProjects\Unity\MBKMCapstone_Renewal\GameCapstoneMBKM\CapstoneProject\Library\ScriptAssemblies\Unity.Services.Core.Editor.dll
Symbol file LoadedFromMemory is not a mono symbol file
Symbol file data-000002432945F1A0 doesn't match image D:\GameProjects\Unity\MBKMCapstone_Renewal\GameCapstoneMBKM\CapstoneProject\Library\ScriptAssemblies\Unity.2D.Animation.Triangle.Runtime.dll
Symbol file LoadedFromMemory is not a mono symbol file
Symbol file data-0000024323877800 doesn't match image D:\GameProjects\Unity\MBKMCapstone_Renewal\GameCapstoneMBKM\CapstoneProject\Library\ScriptAssemblies\Unity.2D.Animation.Runtime.dll
Symbol file LoadedFromMemory is not a mono symbol file
Symbol file data-0000024325E2D700 doesn't match image D:\GameProjects\Unity\MBKMCapstone_Renewal\GameCapstoneMBKM\CapstoneProject\Library\ScriptAssemblies\Unity.2D.PixelPerfect.Editor.dll
Symbol file LoadedFromMemory is not a mono symbol file
Symbol file data-000002432529B020 doesn't match image D:\GameProjects\Unity\MBKMCapstone_Renewal\GameCapstoneMBKM\CapstoneProject\Library\ScriptAssemblies\Unity.Timeline.Editor.dll
Symbol file LoadedFromMemory is not a mono symbol file
Symbol file data-0000024326632C20 doesn't match image D:\GameProjects\Unity\MBKMCapstone_Renewal\GameCapstoneMBKM\CapstoneProject\Library\ScriptAssemblies\Unity.CollabProxy.Editor.dll
Symbol file LoadedFromMemory is not a mono symbol file
Symbol file data-0000024326A3E020 doesn't match image D:\GameProjects\Unity\MBKMCapstone_Renewal\GameCapstoneMBKM\CapstoneProject\Library\ScriptAssemblies\Unity.Mathematics.Editor.dll
Symbol file LoadedFromMemory is not a mono symbol file
Symbol file data-000002432948E3E0 doesn't match image D:\GameProjects\Unity\MBKMCapstone_Renewal\GameCapstoneMBKM\CapstoneProject\Library\ScriptAssemblies\Unity.2D.Common.Runtime.dll
Symbol file LoadedFromMemory is not a mono symbol file
Symbol file data-00000243233F35F0 doesn't match image D:\GameProjects\Unity\MBKMCapstone_Renewal\GameCapstoneMBKM\CapstoneProject\Library\ScriptAssemblies\Unity.2D.SpriteShape.Editor.dll
Symbol file LoadedFromMemory is not a mono symbol file
Symbol file data-000002435A0A8790 doesn't match image D:\GameProjects\Unity\MBKMCapstone_Renewal\GameCapstoneMBKM\CapstoneProject\Library\ScriptAssemblies\Unity.2D.Common.Editor.dll
Symbol file LoadedFromMemory is not a mono symbol file
Symbol file data-0000024327BBF020 doesn't match image D:\GameProjects\Unity\MBKMCapstone_Renewal\GameCapstoneMBKM\CapstoneProject\Library\ScriptAssemblies\Unity.2D.SpriteShape.Runtime.dll
Symbol file LoadedFromMemory is not a mono symbol file
Native extension for WindowsStandalone target not found
Native extension for WebGL target not found
Refreshing native plugins compatible for Editor in 0.70 ms, found 3 plugins.
Preloading 0 native plugins for Editor in 0.00 ms.
Mono: successfully reloaded assembly
- Completed reload, in  1.606 seconds
Domain Reload Profiling:
	ReloadAssembly (1606ms)
		BeginReloadAssembly (194ms)
			ExecutionOrderSort (0ms)
			DisableScriptedObjects (8ms)
			BackupInstance (0ms)
			ReleaseScriptingObjects (0ms)
			CreateAndSetChildDomain (44ms)
		EndReloadAssembly (1317ms)
			LoadAssemblies (165ms)
			RebuildTransferFunctionScriptingTraits (0ms)
			SetupTypeCache (410ms)
			ReleaseScriptCaches (1ms)
			RebuildScriptCaches (69ms)
			SetupLoadedEditorAssemblies (516ms)
				LogAssemblyErrors (0ms)
				InitializePlatformSupportModulesInManaged (10ms)
				SetLoadedEditorAssemblies (1ms)
				RefreshPlugins (1ms)
				BeforeProcessingInitializeOnLoad (114ms)
				ProcessInitializeOnLoadAttributes (347ms)
				ProcessInitializeOnLoadMethodAttributes (21ms)
				AfterProcessingInitializeOnLoad (22ms)
				EditorAssembliesLoaded (0ms)
			ExecutionOrderSort2 (0ms)
			AwakeInstancesAfterBackupRestoration (15ms)
Platform modules already initialized, skipping
Refreshing native plugins compatible for Editor in 0.70 ms, found 3 plugins.
Preloading 0 native plugins for Editor in 0.00 ms.
Unloading 2212 Unused Serialized files (Serialized files now loaded: 0)
System memory in use before: 101.1 MB.
System memory in use after: 101.2 MB.

Unloading 23 unused Assets to reduce memory usage. Loaded Objects now: 2771.
Total: 4.069300 ms (FindLiveObjects: 0.260300 ms CreateObjectMapping: 0.177900 ms MarkObjects: 3.352100 ms  DeleteObjects: 0.277800 ms)

AssetImportParameters requested are different than current active one (requested -> active):
  custom:framework-win-MediaFoundation: 216162199b28c13a410421893ffa2e32 -> 
  custom:video-decoder-ogg-theora: a1e56fd34408186e4bbccfd4996cb3dc -> 
  custom:container-muxer-webm: aa71ff27fc2769a1b78a27578f13a17b -> 
  custom:container-demuxer-webm: 4f35f7cbe854078d1ac9338744f61a02 -> 
  custom:container-demuxer-ogg: 62fdf1f143b41e24485cea50d1cbac27 -> 
  custom:video-encoder-webm-vp8: eb34c28f22e8b96e1ab97ce403110664 -> 
  custom:video-codec-MediaFoundation-h265: 746d11721c4dcdbdad8f713fa42b33f4 -> 
  custom:video-decoder-webm-vp8: 9c59270c3fd7afecdb556c50c9e8de78 -> 
  custom:audio-decoder-ogg-vorbis: bf7c407c2cedff20999df2af8eb42d56 -> 
  custom:audio-encoder-webm-vorbis: bf7c407c2cedff20999df2af8eb42d56 -> 
AssetImportWorkerClient::OnTransportError - code=2 error=End of file
